d:\git - rvbvakama\ai project\temp\bootstrap\static\bootstrap.pdb
d:\git - rvbvakama\ai project\temp\bootstrap\static\bootstrap.idb
d:\git - rvbvakama\ai project\temp\bootstrap\static\imgui.obj
d:\git - rvbvakama\ai project\temp\bootstrap\static\imgui_draw.obj
d:\git - rvbvakama\ai project\temp\bootstrap\static\application.obj
d:\git - rvbvakama\ai project\temp\bootstrap\static\audio.obj
d:\git - rvbvakama\ai project\temp\bootstrap\static\font.obj
d:\git - rvbvakama\ai project\temp\bootstrap\static\gizmos.obj
d:\git - rvbvakama\ai project\temp\bootstrap\static\imgui_glfw3.obj
d:\git - rvbvakama\ai project\temp\bootstrap\static\gl_core_4_4.obj
d:\git - rvbvakama\ai project\temp\bootstrap\static\bootstrap.lib
d:\git - rvbvakama\ai project\temp\bootstrap\static\input.obj
d:\git - rvbvakama\ai project\temp\bootstrap\static\renderer2d.obj
d:\git - rvbvakama\ai project\temp\bootstrap\static\soundmanager.obj
d:\git - rvbvakama\ai project\temp\bootstrap\static\texture.obj
d:\git - rvbvakama\ai project\temp\bootstrap\static\bootstrap.tlog\cl.command.1.tlog
d:\git - rvbvakama\ai project\temp\bootstrap\static\bootstrap.tlog\cl.read.1.tlog
d:\git - rvbvakama\ai project\temp\bootstrap\static\bootstrap.tlog\cl.write.1.tlog
d:\git - rvbvakama\ai project\temp\bootstrap\static\bootstrap.tlog\lib-link.read.1.tlog
d:\git - rvbvakama\ai project\temp\bootstrap\static\bootstrap.tlog\lib-link.write.1.tlog
d:\git - rvbvakama\ai project\temp\bootstrap\static\bootstrap.tlog\lib.command.1.tlog
