d:\git - rvbvakama\ai project\temp\project2d\static\vc140.pdb
d:\git - rvbvakama\ai project\temp\project2d\static\vc140.idb
d:\git - rvbvakama\ai project\temp\project2d\static\compositenode.obj
d:\git - rvbvakama\ai project\temp\project2d\static\decisionbuttonpressed.obj
d:\git - rvbvakama\ai project\temp\project2d\static\decisionidle.obj
d:\git - rvbvakama\ai project\temp\project2d\static\decisionnothingpressed.obj
d:\git - rvbvakama\ai project\temp\project2d\static\decisionprint.obj
d:\git - rvbvakama\ai project\temp\project2d\static\decisiontree.obj
d:\git - rvbvakama\ai project\temp\project2d\static\decisionwander.obj
d:\git - rvbvakama\ai project\temp\project2d\static\decisionagent.obj
d:\git - rvbvakama\ai project\temp\project2d\static\entity.obj
d:\git - rvbvakama\ai project\temp\project2d\static\fleebehaviour.obj
d:\git - rvbvakama\ai project\temp\project2d\static\grid.obj
d:\git - rvbvakama\ai project\temp\project2d\static\ibehaviour.obj
d:\git - rvbvakama\ai project\temp\project2d\static\main.obj
d:\git - rvbvakama\ai project\temp\project2d\static\player_pathfind.obj
d:\git - rvbvakama\ai project\temp\project2d\static\seekbehaviour.obj
d:\git - rvbvakama\ai project\temp\project2d\static\player_mouse.obj
d:\git - rvbvakama\ai project\temp\project2d\static\stateidle.obj
d:\git - rvbvakama\ai project\temp\project2d\static\statemachine.obj
d:\git - rvbvakama\ai project\temp\project2d\static\statemovement.obj
d:\git - rvbvakama\ai project\temp\project2d\static\statepathfind.obj
d:\git - rvbvakama\ai project\temp\project2d\static\agent.obj
d:\git - rvbvakama\ai project\temp\project2d\static\aibasestate.obj
d:\git - rvbvakama\ai project\temp\project2d\static\aibehaviourtree.obj
d:\git - rvbvakama\ai project\temp\project2d\static\aistatemachine.obj
d:\git - rvbvakama\ai project\temp\project2d\static\application2d.obj
d:\git - rvbvakama\ai project\temp\project2d\static\astar.obj
d:\git - rvbvakama\ai project\temp\project2d\static\basestate.obj
d:\git - rvbvakama\ai project\temp\project2d\static\behaviouridle.obj
d:\git - rvbvakama\ai project\temp\project2d\static\behaviourwander.obj
d:\git - rvbvakama\ai project\temp\project2d\static\collider.obj
d:\git - rvbvakama\ai project\temp\project2d\static\collisionmanager.obj
d:\git - rvbvakama\ai project\temp\project2d\static\behaviourpatrol.obj
d:\git - rvbvakama\ai project\temp\project2d\static\project2d.ilk
d:\git - rvbvakama\ai project\temp\project2d\static\project2d.exe
d:\git - rvbvakama\ai project\temp\project2d\static\project2d.pdb
d:\git - rvbvakama\ai project\temp\project2d\static\descisionagent.obj
d:\git - rvbvakama\ai project\temp\project2d\static\player.obj
d:\git - rvbvakama\ai project\temp\project2d\static\stateagent.obj
d:\git - rvbvakama\ai project\temp\project2d\static\aistatemachine.obj.enc
d:\git - rvbvakama\ai project\temp\project2d\static\application2d.obj.enc
d:\git - rvbvakama\ai project\temp\project2d\static\astar.obj.enc
d:\git - rvbvakama\ai project\temp\project2d\static\behaviourpatrol.obj.enc
d:\git - rvbvakama\ai project\temp\project2d\static\decisionidle.obj.enc
d:\git - rvbvakama\ai project\temp\project2d\static\decisiontree.obj.enc
d:\git - rvbvakama\ai project\temp\project2d\static\decisionwander.obj.enc
d:\git - rvbvakama\ai project\temp\project2d\static\player_mouse.obj.enc
d:\git - rvbvakama\ai project\temp\project2d\static\player_pathfind.obj.enc
d:\git - rvbvakama\ai project\temp\project2d\static\statemachine.obj.enc
d:\git - rvbvakama\ai project\temp\project2d\static\project2d.tlog\cl.command.1.tlog
d:\git - rvbvakama\ai project\temp\project2d\static\project2d.tlog\cl.read.1.tlog
d:\git - rvbvakama\ai project\temp\project2d\static\project2d.tlog\cl.write.1.tlog
d:\git - rvbvakama\ai project\temp\project2d\static\project2d.tlog\link.command.1.tlog
d:\git - rvbvakama\ai project\temp\project2d\static\project2d.tlog\link.read.1.tlog
d:\git - rvbvakama\ai project\temp\project2d\static\project2d.tlog\link.write.1.tlog
